<?xml version="1.0" encoding="UTF-8"?>
<testng-results ignored="0" total="2" passed="2" failed="0" skipped="0">
  <reporter-output>
  </reporter-output>
  <suite started-at="2024-04-27T16:47:52 IST" name="Default suite" finished-at="2024-04-27T16:48:57 IST" duration-ms="64213">
    <groups>
    </groups>
    <test started-at="2024-04-27T16:47:52 IST" name="Default test" finished-at="2024-04-27T16:48:57 IST" duration-ms="64213">
      <class name="com.InsuranceProject.AllTests">
        <test-method is-config="true" signature="beforeTest()[pri:0, instance:com.InsuranceProject.AllTests@5403f35f]" started-at="2024-04-27T16:47:52 IST" name="beforeTest" finished-at="2024-04-27T16:48:41 IST" duration-ms="48040" status="PASS">
          <reporter-output>
          </reporter-output>
        </test-method> <!-- beforeTest -->
        <test-method signature="automobileTests(java.lang.Integer,java.lang.String)[pri:0, instance:com.InsuranceProject.AllTests@5403f35f]" started-at="2024-04-27T16:48:41 IST" name="automobileTests" data-provider="dp" finished-at="2024-04-27T16:48:51 IST" duration-ms="10159" status="PASS">
          <params>
            <param index="0">
              <value>
                <![CDATA[1]]>
              </value>
            </param>
            <param index="1">
              <value>
                <![CDATA[a]]>
              </value>
            </param>
          </params>
          <reporter-output>
          </reporter-output>
        </test-method> <!-- automobileTests -->
        <test-method signature="truckTests()[pri:0, instance:com.InsuranceProject.AllTests@5403f35f]" started-at="2024-04-27T16:48:51 IST" name="truckTests" finished-at="2024-04-27T16:48:57 IST" duration-ms="5792" status="PASS">
          <reporter-output>
          </reporter-output>
        </test-method> <!-- truckTests -->
        <test-method is-config="true" signature="afterTest()[pri:0, instance:com.InsuranceProject.AllTests@5403f35f]" started-at="2024-04-27T16:48:57 IST" name="afterTest" finished-at="2024-04-27T16:48:57 IST" duration-ms="1" status="PASS">
          <reporter-output>
          </reporter-output>
        </test-method> <!-- afterTest -->
      </class> <!-- com.InsuranceProject.AllTests -->
    </test> <!-- Default test -->
  </suite> <!-- Default suite -->
</testng-results>
